# JRE version: OpenJDK Runtime Environment Temurin-21.0.5+11 (21.0.5+11) (build 21.0.5+11-LTS)
# Java VM: OpenJDK 64-Bit Server VM Temurin-21.0.5+11 (21.0.5+11-LTS, mixed mode, sharing, tiered, compressed oops, compressed class ptrs, g1 gc, windows-amd64)
GC Precious Log:
 CardTable entry size: 512
 Card Set container configuration: InlinePtr #cards 5 size 8 Array Of Cards #cards 12 size 40 Howl #buckets 4 coarsen threshold 1843 Howl Bitmap #cards 512 size 80 coarsen threshold 460 Card regions per heap region 1 cards per card region 2048
 CPUs: 8 total, 8 available
 Memory: 5877M
 Large Page Support: Disabled
 NUMA Support: Disabled
 Compressed Oops: Enabled (32-bit)
 Heap Region Size: 1M
 Heap Min Capacity: 8M
 Heap Initial Capacity: 92M
 Heap Max Capacity: 2G
 Pre-touch: Disabled
 Parallel Workers: 8
 Concurrent Workers: 2
 Concurrent Refinement Workers: 8
 Periodic GC: Disabled
Heap:
 garbage-first heap   total 155648K, used 92906K [0x0000000080000000, 0x0000000100000000)
  region size 1024K, 2 young (2048K), 2 survivors (2048K)
 Metaspace       used 79302K, committed 81408K, reserved 1179648K
  class space    used 10893K, committed 11968K, reserved 1048576K
GC Heap History (20 events):
Event: 105.762 GC heap after
{Heap after GC invocations=25 (full 0):
 garbage-first heap   total 101376K, used 66087K [0x0000000080000000, 0x0000000100000000)
  region size 1024K, 1 young (1024K), 1 survivors (1024K)
 Metaspace       used 59913K, committed 61824K, reserved 1114112K
  class space    used 8360K, committed 9344K, reserved 1048576K
}
Event: 108.423 GC heap before
{Heap before GC invocations=26 (full 0):
 garbage-first heap   total 117760K, used 88615K [0x0000000080000000, 0x0000000100000000)
  region size 1024K, 20 young (20480K), 1 survivors (1024K)
 Metaspace       used 61216K, committed 63104K, reserved 1114112K
  class space    used 8527K, committed 9472K, reserved 1048576K
}
Event: 108.425 GC heap after
{Heap after GC invocations=27 (full 0):
 garbage-first heap   total 117760K, used 72273K [0x0000000080000000, 0x0000000100000000)
  region size 1024K, 3 young (3072K), 3 survivors (3072K)
 Metaspace       used 61216K, committed 63104K, reserved 1114112K
  class space    used 8527K, committed 9472K, reserved 1048576K
}
Event: 111.337 GC heap before
{Heap before GC invocations=27 (full 0):
 garbage-first heap   total 117760K, used 96849K [0x0000000080000000, 0x0000000100000000)
  region size 1024K, 28 young (28672K), 3 survivors (3072K)
 Metaspace       used 63537K, committed 65408K, reserved 1114112K
  class space    used 8760K, committed 9728K, reserved 1048576K
}
Event: 111.342 GC heap after
{Heap after GC invocations=28 (full 0):
 garbage-first heap   total 117760K, used 71845K [0x0000000080000000, 0x0000000100000000)
  region size 1024K, 3 young (3072K), 3 survivors (3072K)
 Metaspace       used 63537K, committed 65408K, reserved 1114112K
  class space    used 8760K, committed 9728K, reserved 1048576K
}
Event: 117.539 GC heap before
{Heap before GC invocations=28 (full 0):
 garbage-first heap   total 117760K, used 99493K [0x0000000080000000, 0x0000000100000000)
  region size 1024K, 30 young (30720K), 3 survivors (3072K)
 Metaspace       used 66215K, committed 68160K, reserved 1114112K
  class space    used 9151K, committed 10112K, reserved 1048576K
}
Event: 117.550 GC heap after
{Heap after GC invocations=29 (full 0):
 garbage-first heap   total 117760K, used 73036K [0x0000000080000000, 0x0000000100000000)
  region size 1024K, 2 young (2048K), 2 survivors (2048K)
 Metaspace       used 66215K, committed 68160K, reserved 1114112K
  class space    used 9151K, committed 10112K, reserved 1048576K
}
Event: 118.951 GC heap before
{Heap before GC invocations=30 (full 0):
 garbage-first heap   total 122880K, used 107852K [0x0000000080000000, 0x0000000100000000)
  region size 1024K, 30 young (30720K), 2 survivors (2048K)
 Metaspace       used 67337K, committed 69376K, reserved 1114112K
  class space    used 9344K, committed 10368K, reserved 1048576K
}
Event: 118.957 GC heap after
{Heap after GC invocations=31 (full 0):
 garbage-first heap   total 122880K, used 79091K [0x0000000080000000, 0x0000000100000000)
  region size 1024K, 4 young (4096K), 4 survivors (4096K)
 Metaspace       used 67337K, committed 69376K, reserved 1114112K
  class space    used 9344K, committed 10368K, reserved 1048576K
}
Event: 120.806 GC heap before
{Heap before GC invocations=31 (full 0):
 garbage-first heap   total 122880K, used 107763K [0x0000000080000000, 0x0000000100000000)
  region size 1024K, 32 young (32768K), 4 survivors (4096K)
 Metaspace       used 69291K, committed 71360K, reserved 1114112K
  class space    used 9600K, committed 10624K, reserved 1048576K
}
Event: 120.815 GC heap after
{Heap after GC invocations=32 (full 0):
 garbage-first heap   total 122880K, used 81257K [0x0000000080000000, 0x0000000100000000)
  region size 1024K, 3 young (3072K), 3 survivors (3072K)
 Metaspace       used 69291K, committed 71360K, reserved 1114112K
  class space    used 9600K, committed 10624K, reserved 1048576K
}
Event: 122.947 GC heap before
{Heap before GC invocations=32 (full 0):
 garbage-first heap   total 122880K, used 108905K [0x0000000080000000, 0x0000000100000000)
  region size 1024K, 30 young (30720K), 3 survivors (3072K)
 Metaspace       used 71197K, committed 73280K, reserved 1114112K
  class space    used 9833K, committed 10880K, reserved 1048576K
}
Event: 122.961 GC heap after
{Heap after GC invocations=33 (full 0):
 garbage-first heap   total 122880K, used 82972K [0x0000000080000000, 0x0000000100000000)
  region size 1024K, 2 young (2048K), 2 survivors (2048K)
 Metaspace       used 71197K, committed 73280K, reserved 1114112K
  class space    used 9833K, committed 10880K, reserved 1048576K
}
Event: 126.649 GC heap before
{Heap before GC invocations=34 (full 0):
 garbage-first heap   total 140288K, used 110620K [0x0000000080000000, 0x0000000100000000)
  region size 1024K, 29 young (29696K), 2 survivors (2048K)
 Metaspace       used 74365K, committed 76416K, reserved 1114112K
  class space    used 10248K, committed 11328K, reserved 1048576K
}
Event: 126.658 GC heap after
{Heap after GC invocations=35 (full 0):
 garbage-first heap   total 140288K, used 84136K [0x0000000080000000, 0x0000000100000000)
  region size 1024K, 3 young (3072K), 3 survivors (3072K)
 Metaspace       used 74365K, committed 76416K, reserved 1114112K
  class space    used 10248K, committed 11328K, reserved 1048576K
}
Event: 134.476 GC heap before
{Heap before GC invocations=35 (full 0):
 garbage-first heap   total 140288K, used 127144K [0x0000000080000000, 0x0000000100000000)
  region size 1024K, 43 young (44032K), 3 survivors (3072K)
 Metaspace       used 77277K, committed 79424K, reserved 1179648K
  class space    used 10628K, committed 11712K, reserved 1048576K
}
Event: 134.589 GC heap after
{Heap after GC invocations=36 (full 0):
 garbage-first heap   total 140288K, used 88523K [0x0000000080000000, 0x0000000100000000)
  region size 1024K, 5 young (5120K), 5 survivors (5120K)
 Metaspace       used 77277K, committed 79424K, reserved 1179648K
  class space    used 10628K, committed 11712K, reserved 1048576K
}
Event: 143.595 GC heap before
{Heap before GC invocations=36 (full 0):
 garbage-first heap   total 140288K, used 125387K [0x0000000080000000, 0x0000000100000000)
  region size 1024K, 41 young (41984K), 5 survivors (5120K)
 Metaspace       used 78110K, committed 80256K, reserved 1179648K
  class space    used 10743K, committed 11840K, reserved 1048576K
}
Event: 143.649 GC heap after
{Heap after GC invocations=37 (full 0):
 garbage-first heap   total 140288K, used 92772K [0x0000000080000000, 0x0000000100000000)
  region size 1024K, 6 young (6144K), 6 survivors (6144K)
 Metaspace       used 78110K, committed 80256K, reserved 1179648K
  class space    used 10743K, committed 11840K, reserved 1048576K
}
Event: 152.558 GC heap before
{Heap before GC invocations=38 (full 0):
 garbage-first heap   total 155648K, used 124516K [0x0000000080000000, 0x0000000100000000)
  region size 1024K, 37 young (37888K), 6 survivors (6144K)
 Metaspace       used 79302K, committed 81408K, reserved 1179648K
  class space    used 10893K, committed 11968K, reserved 1048576K
}

