# JRE version: OpenJDK Runtime Environment Zulu23.30+13-CA (23.0.1+11) (build 23.0.1+11)
# Java VM: OpenJDK 64-Bit Server VM Zulu23.30+13-CA (23.0.1+11, mixed mode, sharing, tiered, compressed oops, compressed class ptrs, g1 gc, windows-amd64)
GC Precious Log:
 CardTable entry size: 512
 Card Set container configuration: InlinePtr #cards 5 size 8 Array Of Cards #cards 10 size 36 Howl #buckets 4 coarsen threshold 1843 Howl Bitmap #cards 512 size 80 coarsen threshold 460 Card regions per heap region 1 cards per card region 2048
 CPUs: 8 total, 8 available
 Memory: 5877M
 Large Page Support: Disabled
 NUMA Support: Disabled
 Compressed Oops: Enabled (32-bit)
 Heap Region Size: 1M
 Heap Min Capacity: 8M
 Heap Initial Capacity: 92M
 Heap Max Capacity: 1470M
 Pre-touch: Disabled
 Parallel Workers: 8
 Concurrent Workers: 2
 Concurrent Refinement Workers: 8
 Periodic GC: Disabled
Heap:
 garbage-first heap   total reserved 1505280K, committed 547840K, used 375530K [0x00000000a4200000, 0x0000000100000000)
  region size 1024K, 4 young (4096K), 4 survivors (4096K)
 Metaspace       used 76470K, committed 77440K, reserved 1179648K
  class space    used 9011K, committed 9472K, reserved 1048576K
GC Heap History (20 events):
Event: 144.883 GC heap after
{Heap after GC invocations=83 (full 0):
 garbage-first heap   total reserved 1505280K, committed 445440K, used 298362K [0x00000000a4200000, 0x0000000100000000)
  region size 1024K, 14 young (14336K), 14 survivors (14336K)
 Metaspace       used 76404K, committed 77376K, reserved 1179648K
  class space    used 9008K, committed 9472K, reserved 1048576K
}
Event: 146.671 GC heap before
{Heap before GC invocations=83 (full 0):
 garbage-first heap   total reserved 1505280K, committed 445440K, used 315770K [0x00000000a4200000, 0x0000000100000000)
  region size 1024K, 32 young (32768K), 14 survivors (14336K)
 Metaspace       used 76405K, committed 77376K, reserved 1179648K
  class space    used 9008K, committed 9472K, reserved 1048576K
}
Event: 147.016 GC heap after
{Heap after GC invocations=84 (full 0):
 garbage-first heap   total reserved 1505280K, committed 445440K, used 304982K [0x00000000a4200000, 0x0000000100000000)
  region size 1024K, 5 young (5120K), 5 survivors (5120K)
 Metaspace       used 76405K, committed 77376K, reserved 1179648K
  class space    used 9008K, committed 9472K, reserved 1048576K
}
Event: 149.815 GC heap before
{Heap before GC invocations=84 (full 0):
 garbage-first heap   total reserved 1505280K, committed 445440K, used 352086K [0x00000000a4200000, 0x0000000100000000)
  region size 1024K, 50 young (51200K), 5 survivors (5120K)
 Metaspace       used 76422K, committed 77440K, reserved 1179648K
  class space    used 9008K, committed 9472K, reserved 1048576K
}
Event: 149.885 GC heap after
{Heap after GC invocations=85 (full 0):
 garbage-first heap   total reserved 1505280K, committed 445440K, used 315392K [0x00000000a4200000, 0x0000000100000000)
  region size 1024K, 7 young (7168K), 7 survivors (7168K)
 Metaspace       used 76422K, committed 77440K, reserved 1179648K
  class space    used 9008K, committed 9472K, reserved 1048576K
}
Event: 152.300 GC heap before
{Heap before GC invocations=85 (full 0):
 garbage-first heap   total reserved 1505280K, committed 445440K, used 366592K [0x00000000a4200000, 0x0000000100000000)
  region size 1024K, 57 young (58368K), 7 survivors (7168K)
 Metaspace       used 76443K, committed 77440K, reserved 1179648K
  class space    used 9008K, committed 9472K, reserved 1048576K
}
Event: 152.460 GC heap after
{Heap after GC invocations=86 (full 0):
 garbage-first heap   total reserved 1505280K, committed 445440K, used 328534K [0x00000000a4200000, 0x0000000100000000)
  region size 1024K, 8 young (8192K), 8 survivors (8192K)
 Metaspace       used 76443K, committed 77440K, reserved 1179648K
  class space    used 9008K, committed 9472K, reserved 1048576K
}
Event: 156.084 GC heap before
{Heap before GC invocations=87 (full 0):
 garbage-first heap   total reserved 1505280K, committed 547840K, used 373590K [0x00000000a4200000, 0x0000000100000000)
  region size 1024K, 52 young (53248K), 8 survivors (8192K)
 Metaspace       used 76450K, committed 77440K, reserved 1179648K
  class space    used 9008K, committed 9472K, reserved 1048576K
}
Event: 156.262 GC heap after
{Heap after GC invocations=88 (full 0):
 garbage-first heap   total reserved 1505280K, committed 547840K, used 336896K [0x00000000a4200000, 0x0000000100000000)
  region size 1024K, 7 young (7168K), 7 survivors (7168K)
 Metaspace       used 76450K, committed 77440K, reserved 1179648K
  class space    used 9008K, committed 9472K, reserved 1048576K
}
Event: 162.250 GC heap before
{Heap before GC invocations=88 (full 0):
 garbage-first heap   total reserved 1505280K, committed 547840K, used 404480K [0x00000000a4200000, 0x0000000100000000)
  region size 1024K, 73 young (74752K), 7 survivors (7168K)
 Metaspace       used 76463K, committed 77440K, reserved 1179648K
  class space    used 9011K, committed 9472K, reserved 1048576K
}
Event: 162.402 GC heap after
{Heap after GC invocations=89 (full 0):
 garbage-first heap   total reserved 1505280K, committed 547840K, used 345970K [0x00000000a4200000, 0x0000000100000000)
  region size 1024K, 10 young (10240K), 10 survivors (10240K)
 Metaspace       used 76463K, committed 77440K, reserved 1179648K
  class space    used 9011K, committed 9472K, reserved 1048576K
}
Event: 166.684 GC heap before
{Heap before GC invocations=89 (full 0):
 garbage-first heap   total reserved 1505280K, committed 547840K, used 394098K [0x00000000a4200000, 0x0000000100000000)
  region size 1024K, 57 young (58368K), 10 survivors (10240K)
 Metaspace       used 76464K, committed 77440K, reserved 1179648K
  class space    used 9011K, committed 9472K, reserved 1048576K
}
Event: 166.906 GC heap after
{Heap after GC invocations=90 (full 0):
 garbage-first heap   total reserved 1505280K, committed 547840K, used 353454K [0x00000000a4200000, 0x0000000100000000)
  region size 1024K, 8 young (8192K), 8 survivors (8192K)
 Metaspace       used 76464K, committed 77440K, reserved 1179648K
  class space    used 9011K, committed 9472K, reserved 1048576K
}
Event: 169.797 GC heap before
{Heap before GC invocations=90 (full 0):
 garbage-first heap   total reserved 1505280K, committed 547840K, used 392366K [0x00000000a4200000, 0x0000000100000000)
  region size 1024K, 44 young (45056K), 8 survivors (8192K)
 Metaspace       used 76468K, committed 77440K, reserved 1179648K
  class space    used 9011K, committed 9472K, reserved 1048576K
}
Event: 170.149 GC heap after
{Heap after GC invocations=91 (full 0):
 garbage-first heap   total reserved 1505280K, committed 547840K, used 362141K [0x00000000a4200000, 0x0000000100000000)
  region size 1024K, 6 young (6144K), 6 survivors (6144K)
 Metaspace       used 76468K, committed 77440K, reserved 1179648K
  class space    used 9011K, committed 9472K, reserved 1048576K
}
Event: 172.233 GC heap before
{Heap before GC invocations=91 (full 0):
 garbage-first heap   total reserved 1505280K, committed 547840K, used 382621K [0x00000000a4200000, 0x0000000100000000)
  region size 1024K, 26 young (26624K), 6 survivors (6144K)
 Metaspace       used 76468K, committed 77440K, reserved 1179648K
  class space    used 9011K, committed 9472K, reserved 1048576K
}
Event: 172.268 GC heap after
{Heap after GC invocations=92 (full 0):
 garbage-first heap   total reserved 1505280K, committed 547840K, used 366592K [0x00000000a4200000, 0x0000000100000000)
  region size 1024K, 4 young (4096K), 4 survivors (4096K)
 Metaspace       used 76468K, committed 77440K, reserved 1179648K
  class space    used 9011K, committed 9472K, reserved 1048576K
}
Event: 172.797 GC heap before
{Heap before GC invocations=92 (full 0):
 garbage-first heap   total reserved 1505280K, committed 547840K, used 405504K [0x00000000a4200000, 0x0000000100000000)
  region size 1024K, 43 young (44032K), 4 survivors (4096K)
 Metaspace       used 76470K, committed 77440K, reserved 1179648K
  class space    used 9011K, committed 9472K, reserved 1048576K
}
Event: 173.246 GC heap after
{Heap after GC invocations=93 (full 0):
 garbage-first heap   total reserved 1505280K, committed 547840K, used 372252K [0x00000000a4200000, 0x0000000100000000)
  region size 1024K, 6 young (6144K), 6 survivors (6144K)
 Metaspace       used 76470K, committed 77440K, reserved 1179648K
  class space    used 9011K, committed 9472K, reserved 1048576K
}
Event: 173.809 GC heap before
{Heap before GC invocations=93 (full 0):
 garbage-first heap   total reserved 1505280K, committed 547840K, used 392732K [0x00000000a4200000, 0x0000000100000000)
  region size 1024K, 26 young (26624K), 6 survivors (6144K)
 Metaspace       used 76470K, committed 77440K, reserved 1179648K
  class space    used 9011K, committed 9472K, reserved 1048576K
}

